<?xml version="1.0" encoding="UTF-8"?>
<testng-results ignored="0" total="1" passed="1" failed="0" skipped="0">
  <reporter-output>
  </reporter-output>
  <suite started-at="2023-05-13T14:13:36 IST" name="Default suite" finished-at="2023-05-13T14:13:38 IST" duration-ms="1707">
    <groups>
    </groups>
    <test started-at="2023-05-13T14:13:36 IST" name="Default test" finished-at="2023-05-13T14:13:38 IST" duration-ms="1707">
      <class name="apiTestpackages.GetApiTest">
        <test-method is-config="true" signature="generateFakeData()[pri:0, instance:apiTestpackages.GetApiTest@4de4b452]" started-at="2023-05-13T14:13:36 IST" name="generateFakeData" finished-at="2023-05-13T14:13:36 IST" duration-ms="138" status="PASS">
          <reporter-output>
          </reporter-output>
        </test-method> <!-- generateFakeData -->
        <test-method is-config="true" signature="setBaseURI()[pri:0, instance:apiTestpackages.GetApiTest@4de4b452]" started-at="2023-05-13T14:13:36 IST" name="setBaseURI" finished-at="2023-05-13T14:13:36 IST" duration-ms="302" status="PASS">
          <reporter-output>
          </reporter-output>
        </test-method> <!-- setBaseURI -->
        <test-method signature="test_createUserAPiUsingPojo()[pri:0, instance:apiTestpackages.GetApiTest@4de4b452]" started-at="2023-05-13T14:13:36 IST" name="test_createUserAPiUsingPojo" finished-at="2023-05-13T14:13:38 IST" duration-ms="1234" status="PASS">
          <reporter-output>
          </reporter-output>
        </test-method> <!-- test_createUserAPiUsingPojo -->
      </class> <!-- apiTestpackages.GetApiTest -->
    </test> <!-- Default test -->
  </suite> <!-- Default suite -->
</testng-results>
